  main.cpp
c:\users\benjamin therien\documents\comp371\comp371_official_project\comp371\comp371\comp371\assignment1\src\main.cpp(15): warning C4005: '_SCL_SECURE_NO_WARNINGS': macro redefinition
  c:\users\benjamin therien\documents\comp371\comp371_official_project\comp371\comp371\comp371\assignment1\src\main.cpp: note: see previous definition of '_SCL_SECURE_NO_WARNINGS'
c:\users\benjamin therien\documents\comp371\comp371_official_project\comp371\comp371\comp371\assignment1\src\main.cpp(16): warning C4005: '_CRT_SECURE_NO_WARNINGS': macro redefinition
  c:\users\benjamin therien\documents\comp371\comp371_official_project\comp371\comp371\comp371\assignment1\src\main.cpp: note: see previous definition of '_CRT_SECURE_NO_WARNINGS'
c:\users\benjamin therien\documents\comp371\comp371_official_project\comp371\comp371\comp371\assignment1\src\objects\terrain.hpp(198): warning C4244: 'initializing': conversion from 'int' to 'float', possible loss of data
c:\users\benjamin therien\documents\comp371\comp371_official_project\comp371\comp371\comp371\assignment1\src\objects\terrain.hpp(69): warning C4244: '-=': conversion from 'double' to 'float', possible loss of data
c:\users\benjamin therien\documents\comp371\comp371_official_project\comp371\comp371\comp371\assignment1\src\objects\terrain.hpp(73): warning C4244: '-=': conversion from 'double' to 'float', possible loss of data
c:\users\benjamin therien\documents\comp371\comp371_official_project\comp371\comp371\comp371\assignment1\src\objects\terrain.hpp(77): warning C4244: '-=': conversion from 'double' to 'float', possible loss of data
c:\users\benjamin therien\documents\comp371\comp371_official_project\comp371\comp371\comp371\assignment1\src\objects\terrain.hpp(81): warning C4244: '-=': conversion from 'double' to 'float', possible loss of data
c:\users\benjamin therien\documents\comp371\comp371_official_project\comp371\comp371\comp371\assignment1\src\modeling\ourmodels.cpp(290): warning C4101: 'translate': unreferenced local variable
c:\users\benjamin therien\documents\comp371\comp371_official_project\comp371\comp371\comp371\assignment1\src\main.cpp(60): warning C4005: 'GLFW_REFRESH_RATE': macro redefinition
  c:\users\benjamin therien\documents\comp371\comp371_official_project\comp371\thirdparty\glfw-3.3\include\glfw\glfw3.h(905): note: see previous definition of 'GLFW_REFRESH_RATE'
c:\users\benjamin therien\documents\comp371\comp371_official_project\comp371\comp371\comp371\assignment1\src\main.cpp(61): warning C4005: 'GLFW_DOUBLEBUFFER': macro redefinition
  c:\users\benjamin therien\documents\comp371\comp371_official_project\comp371\thirdparty\glfw-3.3\include\glfw\glfw3.h(910): note: see previous definition of 'GLFW_DOUBLEBUFFER'
c:\users\benjamin therien\documents\comp371\comp371_official_project\comp371\comp371\comp371\assignment1\src\main.cpp(86): warning C4305: 'initializing': truncation from 'double' to 'float'
c:\users\benjamin therien\documents\comp371\comp371_official_project\comp371\comp371\comp371\assignment1\src\main.cpp(132): warning C4305: 'initializing': truncation from 'double' to 'float'
c:\users\benjamin therien\documents\comp371\comp371_official_project\comp371\comp371\comp371\assignment1\src\main.cpp(133): warning C4305: 'initializing': truncation from 'double' to 'float'
c:\users\benjamin therien\documents\comp371\comp371_official_project\comp371\comp371\comp371\assignment1\src\main.cpp(134): warning C4305: 'initializing': truncation from 'double' to 'float'
c:\users\benjamin therien\documents\comp371\comp371_official_project\comp371\comp371\comp371\assignment1\src\main.cpp(173): warning C4305: '=': truncation from 'double' to 'float'
c:\users\benjamin therien\documents\comp371\comp371_official_project\comp371\comp371\comp371\assignment1\src\main.cpp(176): warning C4305: '=': truncation from 'double' to 'float'
c:\users\benjamin therien\documents\comp371\comp371_official_project\comp371\comp371\comp371\assignment1\src\main.cpp(179): warning C4305: '=': truncation from 'double' to 'float'
c:\users\benjamin therien\documents\comp371\comp371_official_project\comp371\comp371\comp371\assignment1\src\main.cpp(434): warning C4244: 'initializing': conversion from 'T' to 'int', possible loss of data
          with
          [
              T=float
          ]
c:\users\benjamin therien\documents\comp371\comp371_official_project\comp371\comp371\comp371\assignment1\src\main.cpp(434): warning C4244: '+=': conversion from 'float' to 'int', possible loss of data
c:\users\benjamin therien\documents\comp371\comp371_official_project\comp371\comp371\comp371\assignment1\src\main.cpp(435): warning C4244: 'initializing': conversion from 'T' to 'int', possible loss of data
          with
          [
              T=float
          ]
c:\users\benjamin therien\documents\comp371\comp371_official_project\comp371\comp371\comp371\assignment1\src\main.cpp(435): warning C4244: '+=': conversion from 'float' to 'int', possible loss of data
c:\users\benjamin therien\documents\comp371\comp371_official_project\comp371\comp371\comp371\assignment1\src\main.cpp(437): warning C4244: 'initializing': conversion from 'double' to 'float', possible loss of data
c:\users\benjamin therien\documents\comp371\comp371_official_project\comp371\comp371\comp371\assignment1\src\main.cpp(438): warning C4244: 'initializing': conversion from 'double' to 'float', possible loss of data
c:\users\benjamin therien\documents\comp371\comp371_official_project\comp371\comp371\comp371\assignment1\src\main.cpp(446): warning C4244: 'initializing': conversion from 'double' to 'float', possible loss of data
c:\users\benjamin therien\documents\comp371\comp371_official_project\comp371\comp371\comp371\assignment1\src\main.cpp(447): warning C4244: 'initializing': conversion from 'double' to 'float', possible loss of data
c:\users\benjamin therien\documents\comp371\comp371_official_project\comp371\comp371\comp371\assignment1\src\main.cpp(456): warning C4244: 'initializing': conversion from 'double' to 'float', possible loss of data
c:\users\benjamin therien\documents\comp371\comp371_official_project\comp371\comp371\comp371\assignment1\src\main.cpp(457): warning C4244: 'initializing': conversion from 'double' to 'float', possible loss of data
c:\users\benjamin therien\documents\comp371\comp371_official_project\comp371\comp371\comp371\assignment1\src\main.cpp(508): warning C4305: 'argument': truncation from 'double' to 'float'
c:\users\benjamin therien\documents\comp371\comp371_official_project\comp371\comp371\comp371\assignment1\src\main.cpp(626): warning C4244: 'initializing': conversion from 'double' to 'float', possible loss of data
c:\users\benjamin therien\documents\comp371\comp371_official_project\comp371\comp371\comp371\assignment1\src\main.cpp(734): warning C4244: 'initializing': conversion from 'double' to 'float', possible loss of data
c:\users\benjamin therien\documents\comp371\comp371_official_project\comp371\comp371\comp371\assignment1\src\main.cpp(769): warning C4553: '==': result of expression not used; did you intend '='?
c:\users\benjamin therien\documents\comp371\comp371_official_project\comp371\comp371\comp371\assignment1\src\main.cpp(808): warning C4244: 'argument': conversion from 'double' to 'float', possible loss of data
c:\users\benjamin therien\documents\comp371\comp371_official_project\comp371\comp371\comp371\assignment1\src\main.cpp(816): warning C4244: 'argument': conversion from 'double' to 'float', possible loss of data
c:\users\benjamin therien\documents\comp371\comp371_official_project\comp371\comp371\comp371\assignment1\src\main.cpp(823): warning C4244: 'argument': conversion from 'double' to 'float', possible loss of data
c:\users\benjamin therien\documents\comp371\comp371_official_project\comp371\comp371\comp371\assignment1\src\main.cpp(830): warning C4244: 'argument': conversion from 'double' to 'float', possible loss of data
c:\users\benjamin therien\documents\comp371\comp371_official_project\comp371\comp371\comp371\assignment1\src\main.cpp(958): warning C4244: '=': conversion from 'double' to 'float', possible loss of data
c:\users\benjamin therien\documents\comp371\comp371_official_project\comp371\comp371\comp371\assignment1\src\main.cpp(959): warning C4244: '=': conversion from 'double' to 'float', possible loss of data
c:\users\benjamin therien\documents\comp371\comp371_official_project\comp371\comp371\comp371\assignment1\src\main.cpp(963): warning C4244: 'initializing': conversion from 'double' to 'float', possible loss of data
c:\users\benjamin therien\documents\comp371\comp371_official_project\comp371\comp371\comp371\assignment1\src\main.cpp(964): warning C4244: 'initializing': conversion from 'double' to 'float', possible loss of data
c:\users\benjamin therien\documents\comp371\comp371_official_project\comp371\comp371\comp371\assignment1\src\main.cpp(966): warning C4244: '=': conversion from 'double' to 'float', possible loss of data
c:\users\benjamin therien\documents\comp371\comp371_official_project\comp371\comp371\comp371\assignment1\src\main.cpp(967): warning C4244: '=': conversion from 'double' to 'float', possible loss of data
  comp371.vcxproj -> C:\Users\Benjamin Therien\Documents\comp371\comp371_official_project\comp371\Debug\comp371.exe
