c:\users\benjamin therien\documents\comp371\comp371_official_project\comp371\comp371\debug\vc141.pdb
c:\users\benjamin therien\documents\comp371\comp371_official_project\comp371\comp371\debug\vc141.idb
c:\users\benjamin therien\documents\comp371\comp371_official_project\comp371\comp371\debug\material.obj
c:\users\benjamin therien\documents\comp371\comp371_official_project\comp371\comp371\debug\simplexnoise.obj
c:\users\benjamin therien\documents\comp371\comp371_official_project\comp371\comp371\debug\objloader.obj
c:\users\benjamin therien\documents\comp371\comp371_official_project\comp371\comp371\debug\shader.obj
c:\users\benjamin therien\documents\comp371\comp371_official_project\comp371\comp371\debug\ourmodels.obj
c:\users\benjamin therien\documents\comp371\comp371_official_project\comp371\comp371\debug\vertexcontroller.obj
c:\users\benjamin therien\documents\comp371\comp371_official_project\comp371\comp371\debug\vertexcomponent.obj
c:\users\benjamin therien\documents\comp371\comp371_official_project\comp371\comp371\debug\vertex.obj
c:\users\benjamin therien\documents\comp371\comp371_official_project\comp371\comp371\debug\texture.obj
c:\users\benjamin therien\documents\comp371\comp371_official_project\comp371\comp371\debug\light.obj
c:\users\benjamin therien\documents\comp371\comp371_official_project\comp371\comp371\debug\shape.obj
c:\users\benjamin therien\documents\comp371\comp371_official_project\comp371\comp371\debug\binder.obj
c:\users\benjamin therien\documents\comp371\comp371_official_project\comp371\comp371\debug\polygon.obj
c:\users\benjamin therien\documents\comp371\comp371_official_project\comp371\comp371\debug\modelcontainer.obj
c:\users\benjamin therien\documents\comp371\comp371_official_project\comp371\comp371\debug\model.obj
c:\users\benjamin therien\documents\comp371\comp371_official_project\comp371\comp371\debug\cube.obj
c:\users\benjamin therien\documents\comp371\comp371_official_project\comp371\comp371\debug\camera.obj
c:\users\benjamin therien\documents\comp371\comp371_official_project\comp371\comp371\debug\main.obj
c:\users\benjamin therien\documents\comp371\comp371_official_project\comp371\debug\comp371.exe
c:\users\benjamin therien\documents\comp371\comp371_official_project\comp371\debug\comp371.ilk
c:\users\benjamin therien\documents\comp371\comp371_official_project\comp371\debug\comp371.pdb
c:\users\benjamin therien\documents\comp371\comp371_official_project\comp371\comp371\debug\main.new.obj.enc
c:\users\benjamin therien\documents\comp371\comp371_official_project\comp371\comp371\debug\comp371.tlog\cl.command.1.tlog
c:\users\benjamin therien\documents\comp371\comp371_official_project\comp371\comp371\debug\comp371.tlog\cl.read.1.tlog
c:\users\benjamin therien\documents\comp371\comp371_official_project\comp371\comp371\debug\comp371.tlog\cl.write.1.tlog
c:\users\benjamin therien\documents\comp371\comp371_official_project\comp371\comp371\debug\comp371.tlog\link.command.1.tlog
c:\users\benjamin therien\documents\comp371\comp371_official_project\comp371\comp371\debug\comp371.tlog\link.read.1.tlog
c:\users\benjamin therien\documents\comp371\comp371_official_project\comp371\comp371\debug\comp371.tlog\link.write.1.tlog
